
> finscan-landing@1.0.0 build
> next build

   ▲ Next.js 15.1.6
   - Environments: .env.local

   Creating an optimized production build ...
 ✓ Compiled successfully
   Linting and checking validity of types ...
   Collecting page data ...
   Generating static pages (0/13) ...
   Generating static pages (3/13) 
   Generating static pages (6/13) 
   Generating static pages (9/13) 
 ✓ Generating static pages (13/13)
   Finalizing page optimization ...
   Collecting build traces ...

Route (app)                              Size     First Load JS
┌ ○ /                                    12.6 kB         122 kB
├ ○ /_not-found                          979 B           106 kB
├ ○ /about                               4.7 kB          115 kB
├ ○ /blog                                1.81 kB         112 kB
├ ○ /contact                             2.08 kB         112 kB
├ ○ /disclaimer                          2.11 kB         112 kB
├ ○ /privacy                             6.26 kB         116 kB
├ ƒ /research/[symbol]                   4.96 kB         110 kB
├ ○ /robots.txt                          0 B                0 B
├ ○ /screener                            4.48 kB         110 kB
├ ○ /sitemap.xml                         0 B                0 B
└ ○ /terms                               3.98 kB         114 kB
+ First Load JS shared by all            105 kB
  ├ chunks/4bd1b696-cb4833e290c66470.js  52.9 kB
  ├ chunks/517-645b693786b2091a.js       50.5 kB
  └ other shared chunks (total)          1.97 kB


○  (Static)   prerendered as static content
ƒ  (Dynamic)  server-rendered on demand

